<?xml version="1.0" encoding="UTF-8"?>
<!-- Generated by org.testng.reporters.JUnitReportReporter -->
<testsuite hostname="Sanjog-PC" failures="0" tests="2" name="tempTestPack.TestNgTestClass" time="201.243" errors="0" timestamp="2022-09-27T15:22:00 IST" skipped="0">
  <testcase classname="tempTestPack.TestNgTestClass" name="addTheQuantityOfProductInCart" time="125.207"/>
  <system-out/>
  <testcase classname="tempTestPack.TestNgTestClass" name="addMobileInCart" time="76.036"/>
  <system-out/>
</testsuite> <!-- tempTestPack.TestNgTestClass -->
